<?xml version="1.0" encoding="UTF-8"?>
<testng-results ignored="0" total="1" passed="1" failed="0" skipped="0">
  <reporter-output>
  </reporter-output>
  <suite started-at="2024-05-28T16:43:18 IST" name="Default suite" finished-at="2024-05-28T16:44:31 IST" duration-ms="73075">
    <groups>
    </groups>
    <test started-at="2024-05-28T16:43:18 IST" name="Default test" finished-at="2024-05-28T16:44:31 IST" duration-ms="73075">
      <class name="com.Shoppers_Stack_TestScripts.User_is_able_to_update_address_or_not">
        <test-method is-config="true" signature="beforeSuite()[pri:0, instance:com.Shoppers_Stack_TestScripts.User_is_able_to_update_address_or_not@3a7442c7]" started-at="2024-05-28T16:43:18 IST" name="beforeSuite" finished-at="2024-05-28T16:43:18 IST" duration-ms="15" status="PASS">
          <reporter-output>
          </reporter-output>
        </test-method> <!-- beforeSuite -->
        <test-method is-config="true" signature="beforeTest()[pri:0, instance:com.Shoppers_Stack_TestScripts.User_is_able_to_update_address_or_not@3a7442c7]" started-at="2024-05-28T16:43:18 IST" name="beforeTest" finished-at="2024-05-28T16:43:18 IST" duration-ms="5" status="PASS">
          <reporter-output>
          </reporter-output>
        </test-method> <!-- beforeTest -->
        <test-method is-config="true" signature="beforeClass()[pri:0, instance:com.Shoppers_Stack_TestScripts.User_is_able_to_update_address_or_not@3a7442c7]" started-at="2024-05-28T16:43:18 IST" name="beforeClass" finished-at="2024-05-28T16:43:23 IST" duration-ms="4890" status="PASS">
          <reporter-output>
          </reporter-output>
        </test-method> <!-- beforeClass -->
        <test-method is-config="true" signature="beforeMethod()[pri:0, instance:com.Shoppers_Stack_TestScripts.User_is_able_to_update_address_or_not@3a7442c7]" started-at="2024-05-28T16:43:23 IST" name="beforeMethod" finished-at="2024-05-28T16:43:58 IST" duration-ms="35570" status="PASS">
          <reporter-output>
          </reporter-output>
        </test-method> <!-- beforeMethod -->
        <test-method signature="updateAddress()[pri:0, instance:com.Shoppers_Stack_TestScripts.User_is_able_to_update_address_or_not@3a7442c7]" started-at="2024-05-28T16:43:58 IST" name="updateAddress" finished-at="2024-05-28T16:44:25 IST" duration-ms="26258" status="PASS">
          <reporter-output>
          </reporter-output>
        </test-method> <!-- updateAddress -->
        <test-method is-config="true" signature="afterMethod()[pri:0, instance:com.Shoppers_Stack_TestScripts.User_is_able_to_update_address_or_not@3a7442c7]" started-at="2024-05-28T16:44:25 IST" name="afterMethod" finished-at="2024-05-28T16:44:28 IST" duration-ms="2856" status="PASS">
          <reporter-output>
          </reporter-output>
        </test-method> <!-- afterMethod -->
        <test-method is-config="true" signature="afterClass()[pri:0, instance:com.Shoppers_Stack_TestScripts.User_is_able_to_update_address_or_not@3a7442c7]" started-at="2024-05-28T16:44:28 IST" name="afterClass" finished-at="2024-05-28T16:44:31 IST" duration-ms="3435" status="PASS">
          <reporter-output>
          </reporter-output>
        </test-method> <!-- afterClass -->
        <test-method is-config="true" signature="afterTest()[pri:0, instance:com.Shoppers_Stack_TestScripts.User_is_able_to_update_address_or_not@3a7442c7]" started-at="2024-05-28T16:44:31 IST" name="afterTest" finished-at="2024-05-28T16:44:31 IST" duration-ms="0" status="PASS">
          <reporter-output>
          </reporter-output>
        </test-method> <!-- afterTest -->
        <test-method is-config="true" signature="afterSuite()[pri:0, instance:com.Shoppers_Stack_TestScripts.User_is_able_to_update_address_or_not@3a7442c7]" started-at="2024-05-28T16:44:31 IST" name="afterSuite" finished-at="2024-05-28T16:44:31 IST" duration-ms="0" status="PASS">
          <reporter-output>
          </reporter-output>
        </test-method> <!-- afterSuite -->
      </class> <!-- com.Shoppers_Stack_TestScripts.User_is_able_to_update_address_or_not -->
    </test> <!-- Default test -->
  </suite> <!-- Default suite -->
</testng-results>
